2022-08-20 09:42:01 Loading main app package /tmp/.mount_ObsidiOw2G3t/resources/obsidian.asar
2022-08-20 09:42:01 Checking for update using Github
2022-08-20 09:42:01 Success.
2022-08-20 09:42:01 Latest version is 0.15.9
2022-08-20 09:42:01 App is up to date.
2022-08-20 09:53:35 Loading main app package /tmp/.mount_ObsidizMwZxe/resources/obsidian.asar
2022-08-20 09:53:35 Checking for update using Github
2022-08-20 09:53:35 Success.
2022-08-20 09:53:35 Latest version is 0.15.9
2022-08-20 09:53:35 App is up to date.
2022-08-20 09:53:36 Loading main app package /tmp/.mount_ObsidiUZAnA7/resources/obsidian.asar
2022-08-20 09:53:36 Loading main app package /tmp/.mount_Obsidixsek1U/resources/obsidian.asar
2022-08-20 09:53:36 Checking for update using Github
2022-08-20 09:53:36 Checking for update using Github
2022-08-20 09:53:38 Loading main app package /tmp/.mount_ObsidiaYVzcT/resources/obsidian.asar
2022-08-20 09:53:38 Checking for update using Github
2022-08-20 09:54:14 Loading main app package /tmp/.mount_ObsidiboDS4y/resources/obsidian.asar
2022-08-20 09:54:14 Checking for update using Github
2022-08-20 09:54:15 Success.
2022-08-20 09:54:15 Latest version is 0.15.9
2022-08-20 09:54:15 App is up to date.
2022-08-20 09:54:15 Loading main app package /tmp/.mount_ObsidiSgjg8z/resources/obsidian.asar
2022-08-20 09:54:16 Checking for update using Github
2022-08-25 20:12:56 Loading main app package /opt/Obsidian/resources/obsidian.asar
2022-08-25 20:12:56 Checking for update using Github
2022-08-25 20:12:56 Success.
2022-08-25 20:12:56 Latest version is 0.15.9
2022-08-25 20:12:56 App is up to date.
2022-08-26 05:46:46 Checking for update using Github
2022-08-26 05:46:46 Success.
2022-08-26 05:46:46 Latest version is 0.15.9
2022-08-26 05:46:46 App is up to date.
2022-08-26 06:46:46 Checking for update using Github
2022-08-26 06:46:46 Success.
2022-08-26 06:46:46 Latest version is 0.15.9
2022-08-26 06:46:46 App is up to date.
2022-08-26 07:46:46 Checking for update using Github
2022-08-26 07:47:06 Failed to check for update using Github (net::ERR_NAME_NOT_RESOLVED)
2022-08-26 07:47:06 Checking for update using obsidian.md
2022-08-26 07:47:46 Failed to check for update using obsidian.md (net::ERR_NAME_NOT_RESOLVED)
2022-08-26 08:46:46 Checking for update using Github
2022-08-26 08:46:46 Success.
2022-08-26 08:46:46 Latest version is 0.15.9
2022-08-26 08:46:46 App is up to date.
2022-08-26 09:46:46 Checking for update using Github
2022-08-26 09:46:46 Success.
2022-08-26 09:46:46 Latest version is 0.15.9
2022-08-26 09:46:46 App is up to date.
2022-08-26 10:46:46 Checking for update using Github
2022-08-26 10:46:46 Success.
2022-08-26 10:46:46 Latest version is 0.15.9
2022-08-26 10:46:46 App is up to date.
2022-08-26 10:52:55 Loading main app package /opt/Obsidian/resources/obsidian.asar
2022-08-26 10:52:55 Checking for update using Github
2022-08-26 10:55:52 Loading main app package /opt/Obsidian/resources/obsidian.asar
2022-08-26 10:55:52 Checking for update using Github
2022-08-26 10:55:52 Success.
2022-08-26 10:55:52 Latest version is 0.15.9
2022-08-26 10:55:52 App is up to date.
2022-08-26 11:55:52 Checking for update using Github
2022-08-26 11:56:12 Failed to check for update using Github (net::ERR_NAME_NOT_RESOLVED)
2022-08-26 11:56:12 Checking for update using obsidian.md
2022-08-26 11:56:52 Failed to check for update using obsidian.md (net::ERR_NAME_NOT_RESOLVED)
2022-08-26 12:55:52 Checking for update using Github
2022-08-26 12:55:53 Success.
2022-08-26 12:55:53 Latest version is 0.15.9
2022-08-26 12:55:53 App is up to date.
2022-08-26 13:55:52 Checking for update using Github
2022-08-26 13:55:53 Success.
2022-08-26 13:55:53 Latest version is 0.15.9
2022-08-26 13:55:53 App is up to date.
2022-08-26 14:55:52 Checking for update using Github
2022-08-26 14:55:53 Success.
2022-08-26 14:55:53 Latest version is 0.15.9
2022-08-26 14:55:53 App is up to date.
2022-08-26 15:55:52 Checking for update using Github
2022-08-26 15:55:53 Success.
2022-08-26 15:55:53 Latest version is 0.15.9
2022-08-26 15:55:53 App is up to date.
2022-08-26 16:55:53 Checking for update using Github
2022-08-26 16:55:53 Success.
2022-08-26 16:55:53 Latest version is 0.15.9
2022-08-26 16:55:53 App is up to date.
2022-08-26 17:55:53 Checking for update using Github
2022-08-26 17:55:53 Success.
2022-08-26 17:55:53 Latest version is 0.15.9
2022-08-26 17:55:53 App is up to date.
2022-08-26 18:55:53 Checking for update using Github
2022-08-26 18:55:53 Success.
2022-08-26 18:55:53 Latest version is 0.15.9
2022-08-26 18:55:53 App is up to date.
2022-08-26 19:55:53 Checking for update using Github
2022-08-26 19:55:53 Success.
2022-08-26 19:55:53 Latest version is 0.15.9
2022-08-26 19:55:53 App is up to date.
2022-08-26 20:55:53 Checking for update using Github
2022-08-26 20:55:53 Success.
2022-08-26 20:55:53 Latest version is 0.15.9
2022-08-26 20:55:53 App is up to date.
2022-08-26 22:02:51 Checking for update using Github
2022-08-26 22:03:12 Failed to check for update using Github (net::ERR_NAME_NOT_RESOLVED)
2022-08-26 22:03:12 Checking for update using obsidian.md
2022-08-26 22:03:52 Failed to check for update using obsidian.md (net::ERR_NAME_NOT_RESOLVED)
2022-08-26 23:02:52 Checking for update using Github
2022-08-26 23:03:12 Failed to check for update using Github (net::ERR_NAME_NOT_RESOLVED)
2022-08-26 23:03:12 Checking for update using obsidian.md
2022-08-26 23:03:52 Failed to check for update using obsidian.md (net::ERR_NAME_NOT_RESOLVED)
2022-08-27 00:02:52 Checking for update using Github
2022-08-27 00:03:12 Failed to check for update using Github (net::ERR_NAME_NOT_RESOLVED)
2022-08-27 00:03:12 Checking for update using obsidian.md
2022-08-27 00:03:52 Failed to check for update using obsidian.md (net::ERR_NAME_NOT_RESOLVED)
2022-08-27 01:02:52 Checking for update using Github
2022-08-27 01:03:12 Failed to check for update using Github (net::ERR_NAME_NOT_RESOLVED)
2022-08-27 01:03:12 Checking for update using obsidian.md
2022-08-27 01:03:52 Failed to check for update using obsidian.md (net::ERR_NAME_NOT_RESOLVED)
2022-08-27 02:02:52 Checking for update using Github
2022-08-27 02:03:12 Failed to check for update using Github (net::ERR_NAME_NOT_RESOLVED)
2022-08-27 02:03:12 Checking for update using obsidian.md
2022-08-27 02:03:52 Failed to check for update using obsidian.md (net::ERR_NAME_NOT_RESOLVED)
2022-08-27 03:02:52 Checking for update using Github
2022-08-27 03:03:12 Failed to check for update using Github (net::ERR_NAME_NOT_RESOLVED)
2022-08-27 03:03:12 Checking for update using obsidian.md
2022-08-27 03:03:32 Failed to check for update using obsidian.md (net::ERR_NAME_NOT_RESOLVED)
2022-08-27 04:02:52 Checking for update using Github
2022-08-27 04:03:12 Failed to check for update using Github (net::ERR_NAME_NOT_RESOLVED)
2022-08-27 04:03:12 Checking for update using obsidian.md
2022-08-27 04:03:52 Failed to check for update using obsidian.md (net::ERR_NAME_NOT_RESOLVED)
2022-08-27 05:02:52 Checking for update using Github
2022-08-27 05:03:12 Failed to check for update using Github (net::ERR_NAME_NOT_RESOLVED)
2022-08-27 05:03:12 Checking for update using obsidian.md
2022-08-27 05:03:52 Failed to check for update using obsidian.md (net::ERR_NAME_NOT_RESOLVED)
2022-08-27 06:02:52 Checking for update using Github
2022-08-27 06:03:12 Failed to check for update using Github (net::ERR_NAME_NOT_RESOLVED)
2022-08-27 06:03:12 Checking for update using obsidian.md
2022-08-27 06:03:32 Failed to check for update using obsidian.md (net::ERR_NAME_NOT_RESOLVED)
2022-08-27 07:02:52 Checking for update using Github
2022-08-27 07:03:12 Failed to check for update using Github (net::ERR_NAME_NOT_RESOLVED)
2022-08-27 07:03:12 Checking for update using obsidian.md
2022-08-27 07:03:52 Failed to check for update using obsidian.md (net::ERR_NAME_NOT_RESOLVED)
2022-08-27 08:02:53 Checking for update using Github
2022-08-27 08:02:54 Success.
2022-08-27 08:02:54 Latest version is 0.15.9
2022-08-27 08:02:54 App is up to date.
2022-08-27 09:02:53 Checking for update using Github
2022-08-27 09:02:54 Success.
2022-08-27 09:02:54 Latest version is 0.15.9
2022-08-27 09:02:54 App is up to date.
2022-08-27 10:02:53 Checking for update using Github
2022-08-27 10:02:54 Success.
2022-08-27 10:02:54 Latest version is 0.15.9
2022-08-27 10:02:54 App is up to date.
2022-08-27 11:02:54 Checking for update using Github
2022-08-27 11:02:54 Success.
2022-08-27 11:02:54 Latest version is 0.15.9
2022-08-27 11:02:54 App is up to date.
2022-08-27 12:02:54 Checking for update using Github
2022-08-27 12:02:54 Success.
2022-08-27 12:02:54 Latest version is 0.15.9
2022-08-27 12:02:54 App is up to date.
2022-08-27 13:02:54 Checking for update using Github
2022-08-27 13:02:54 Success.
2022-08-27 13:02:54 Latest version is 0.15.9
2022-08-27 13:02:54 App is up to date.
2022-08-27 14:02:54 Checking for update using Github
2022-08-27 14:02:54 Success.
2022-08-27 14:02:54 Latest version is 0.15.9
2022-08-27 14:02:54 App is up to date.
2022-08-27 16:14:50 Loading main app package /opt/Obsidian/resources/obsidian.asar
2022-08-27 16:14:50 Checking for update using Github
2022-08-27 16:14:51 Success.
2022-08-27 16:14:51 Latest version is 0.15.9
2022-08-27 16:14:51 App is up to date.
2022-08-27 17:14:50 Checking for update using Github
2022-08-27 17:14:50 Success.
2022-08-27 17:14:50 Latest version is 0.15.9
2022-08-27 17:14:50 App is up to date.
2022-08-27 18:14:50 Checking for update using Github
2022-08-27 18:14:51 Success.
2022-08-27 18:14:51 Latest version is 0.15.9
2022-08-27 18:14:51 App is up to date.
2022-08-27 19:14:50 Checking for update using Github
2022-08-27 19:14:51 Success.
2022-08-27 19:14:51 Latest version is 0.15.9
2022-08-27 19:14:51 App is up to date.
2022-08-27 20:14:51 Checking for update using Github
2022-08-27 20:14:51 Success.
2022-08-27 20:14:51 Latest version is 0.15.9
2022-08-27 20:14:51 App is up to date.
2022-08-27 21:14:51 Checking for update using Github
2022-08-27 21:14:51 Success.
2022-08-27 21:14:51 Latest version is 0.15.9
2022-08-27 21:14:51 App is up to date.
2022-08-27 22:14:51 Checking for update using Github
2022-08-27 22:14:51 Success.
2022-08-27 22:14:51 Latest version is 0.15.9
2022-08-27 22:14:51 App is up to date.
2022-08-27 23:14:51 Checking for update using Github
2022-08-27 23:14:51 Success.
2022-08-27 23:14:51 Latest version is 0.15.9
2022-08-27 23:14:51 App is up to date.
2022-08-28 00:14:51 Checking for update using Github
2022-08-28 00:14:51 Success.
2022-08-28 00:14:51 Latest version is 0.15.9
2022-08-28 00:14:51 App is up to date.
2022-08-28 01:14:51 Checking for update using Github
2022-08-28 01:14:51 Success.
2022-08-28 01:14:51 Latest version is 0.15.9
2022-08-28 01:14:51 App is up to date.
2022-08-28 02:14:51 Checking for update using Github
2022-08-28 02:14:51 Success.
2022-08-28 02:14:51 Latest version is 0.15.9
2022-08-28 02:14:51 App is up to date.
2022-08-28 03:14:51 Checking for update using Github
2022-08-28 03:14:51 Success.
2022-08-28 03:14:51 Latest version is 0.15.9
2022-08-28 03:14:51 App is up to date.
2022-08-28 04:14:51 Checking for update using Github
2022-08-28 04:14:51 Success.
2022-08-28 04:14:51 Latest version is 0.15.9
2022-08-28 04:14:51 App is up to date.
2022-08-28 05:14:51 Checking for update using Github
2022-08-28 05:14:51 Success.
2022-08-28 05:14:51 Latest version is 0.15.9
2022-08-28 05:14:51 App is up to date.
2022-08-28 06:14:51 Checking for update using Github
2022-08-28 06:14:51 Success.
2022-08-28 06:14:51 Latest version is 0.15.9
2022-08-28 06:14:51 App is up to date.
2022-08-29 08:47:45 Loading main app package /opt/Obsidian/resources/obsidian.asar
2022-08-29 08:47:45 Checking for update using Github
2022-08-29 08:47:45 Success.
2022-08-29 08:47:45 Latest version is 0.15.9
2022-08-29 08:47:45 App is up to date.
2022-08-30 12:32:45 Loading main app package /opt/Obsidian/resources/obsidian.asar
2022-08-30 12:32:45 Checking for update using Github
2022-08-30 12:32:45 Success.
2022-08-30 12:32:45 Latest version is 0.15.9
2022-08-30 12:32:45 App is up to date.
2022-08-30 13:32:45 Checking for update using Github
2022-08-30 13:32:45 Success.
2022-08-30 13:32:45 Latest version is 0.15.9
2022-08-30 13:32:45 App is up to date.
2022-08-30 14:32:45 Checking for update using Github
2022-08-30 14:32:45 Success.
2022-08-30 14:32:45 Latest version is 0.15.9
2022-08-30 14:32:45 App is up to date.
2022-08-31 05:56:20 Loading main app package /opt/Obsidian/resources/obsidian.asar
2022-08-31 05:56:20 Checking for update using Github
2022-08-31 05:56:20 Success.
2022-08-31 05:56:20 Latest version is 0.15.9
2022-08-31 05:56:20 App is up to date.
2022-08-31 06:56:20 Checking for update using Github
2022-08-31 06:56:20 Success.
2022-08-31 06:56:20 Latest version is 0.15.9
2022-08-31 06:56:20 App is up to date.
2022-08-31 07:56:20 Checking for update using Github
2022-08-31 07:56:20 Success.
2022-08-31 07:56:20 Latest version is 0.15.9
2022-08-31 07:56:20 App is up to date.
2022-08-31 08:56:20 Checking for update using Github
2022-08-31 08:56:20 Success.
2022-08-31 08:56:20 Latest version is 0.15.9
2022-08-31 08:56:20 App is up to date.
2022-08-31 09:56:20 Checking for update using Github
2022-08-31 09:56:20 Success.
2022-08-31 09:56:20 Latest version is 0.15.9
2022-08-31 09:56:20 App is up to date.
2022-08-31 10:56:20 Checking for update using Github
2022-08-31 10:56:20 Success.
2022-08-31 10:56:20 Latest version is 0.15.9
2022-08-31 10:56:20 App is up to date.
2022-08-31 11:56:20 Checking for update using Github
2022-08-31 11:56:20 Success.
2022-08-31 11:56:20 Latest version is 0.15.9
2022-08-31 11:56:20 App is up to date.
2022-08-31 12:56:20 Checking for update using Github
2022-08-31 12:56:21 Success.
2022-08-31 12:56:21 Latest version is 0.15.9
2022-08-31 12:56:21 App is up to date.
2022-08-31 13:56:20 Checking for update using Github
2022-08-31 13:56:21 Success.
2022-08-31 13:56:21 Latest version is 0.15.9
2022-08-31 13:56:21 App is up to date.
2022-08-31 14:56:20 Checking for update using Github
2022-08-31 14:56:21 Success.
2022-08-31 14:56:21 Latest version is 0.15.9
2022-08-31 14:56:21 App is up to date.
2022-08-31 15:56:21 Checking for update using Github
2022-08-31 15:56:21 Success.
2022-08-31 15:56:21 Latest version is 0.15.9
2022-08-31 15:56:21 App is up to date.
2022-08-31 16:56:21 Checking for update using Github
2022-08-31 16:56:21 Success.
2022-08-31 16:56:21 Latest version is 0.15.9
2022-08-31 16:56:21 App is up to date.
2022-09-01 09:41:37 Loading main app package /opt/Obsidian/resources/obsidian.asar
2022-09-01 09:41:38 Checking for update using Github
2022-09-01 09:41:38 Success.
2022-09-01 09:41:38 Latest version is 0.15.9
2022-09-01 09:41:38 App is up to date.
2022-09-01 11:10:56 Loading main app package /opt/Obsidian/resources/obsidian.asar
2022-09-01 11:10:56 Checking for update using Github
2022-09-01 11:10:56 Success.
2022-09-01 11:10:56 Latest version is 0.15.9
2022-09-01 11:10:56 App is up to date.
2022-09-01 12:24:28 Loading main app package /opt/Obsidian/resources/obsidian.asar
2022-09-01 12:24:28 Checking for update using Github
2022-09-01 12:24:28 Success.
2022-09-01 12:24:28 Latest version is 0.15.9
2022-09-01 12:24:28 App is up to date.
2022-09-01 13:24:28 Checking for update using Github
2022-09-01 13:24:28 Success.
2022-09-01 13:24:28 Latest version is 0.15.9
2022-09-01 13:24:28 App is up to date.
2022-09-01 14:24:28 Checking for update using Github
2022-09-01 14:24:28 Success.
2022-09-01 14:24:28 Latest version is 0.15.9
2022-09-01 14:24:28 App is up to date.
2022-09-01 15:22:44 Loading main app package /opt/Obsidian/resources/obsidian.asar
2022-09-01 15:22:44 Checking for update using Github
2022-09-01 15:22:45 Success.
2022-09-01 15:22:45 Latest version is 0.15.9
2022-09-01 15:22:45 App is up to date.
2022-09-01 15:56:57 Loading main app package /opt/Obsidian/resources/obsidian.asar
2022-09-01 15:56:57 Checking for update using Github
2022-09-01 16:22:44 Checking for update using Github
2022-09-01 16:22:44 Success.
2022-09-01 16:22:44 Latest version is 0.15.9
2022-09-01 16:22:44 App is up to date.
2022-09-01 17:22:44 Checking for update using Github
2022-09-01 17:22:45 Success.
2022-09-01 17:22:45 Latest version is 0.15.9
2022-09-01 17:22:45 App is up to date.
2022-09-01 18:22:44 Checking for update using Github
2022-09-01 18:22:45 Success.
2022-09-01 18:22:45 Latest version is 0.15.9
2022-09-01 18:22:45 App is up to date.
